[debug] [2020-04-04T12:45:13.061Z] ----------------------------------------------------------------------
[debug] [2020-04-04T12:45:13.063Z] Command:       C:\Program Files\nodejs\node.exe C:\Users\dell\AppData\Roaming\npm\node_modules\firebase-tools\lib\bin\firebase.js init
[debug] [2020-04-04T12:45:13.064Z] CLI Version:   8.0.1
[debug] [2020-04-04T12:45:13.064Z] Platform:      win32
[debug] [2020-04-04T12:45:13.064Z] Node Version:  v10.15.3
[debug] [2020-04-04T12:45:13.065Z] Time:          Sat Apr 04 2020 17:45:13 GMT+0500 (Pakistan Standard Time)
[debug] [2020-04-04T12:45:13.065Z] ----------------------------------------------------------------------
[debug] [2020-04-04T12:45:13.066Z] 
[debug] [2020-04-04T12:45:13.074Z] > command requires scopes: ["email","openid","https://www.googleapis.com/auth/cloudplatformprojects.readonly","https://www.googleapis.com/auth/firebase","https://www.googleapis.com/auth/cloud-platform"]
[debug] [2020-04-04T12:45:13.077Z] > authorizing via signed-in user
[info] 
     ######## #### ########  ######## ########     ###     ######  ########
     ##        ##  ##     ## ##       ##     ##  ##   ##  ##       ##
     ######    ##  ########  ######   ########  #########  ######  ######
     ##        ##  ##    ##  ##       ##     ## ##     ##       ## ##
     ##       #### ##     ## ######## ########  ##     ##  ######  ########

You're about to initialize a Firebase project in this directory:

  e:\AhamRepo\my-shoppie

[error] 
[error] Error: Must select at least one feature. Use SPACEBAR to select features, or provide a feature with firebase init [feature_name]
[debug] [2020-04-04T12:46:06.891Z] ----------------------------------------------------------------------
[debug] [2020-04-04T12:46:06.895Z] Command:       C:\Program Files\nodejs\node.exe C:\Users\dell\AppData\Roaming\npm\node_modules\firebase-tools\lib\bin\firebase.js init
[debug] [2020-04-04T12:46:06.895Z] CLI Version:   8.0.1
[debug] [2020-04-04T12:46:06.895Z] Platform:      win32
[debug] [2020-04-04T12:46:06.896Z] Node Version:  v10.15.3
[debug] [2020-04-04T12:46:06.897Z] Time:          Sat Apr 04 2020 17:46:06 GMT+0500 (Pakistan Standard Time)
[debug] [2020-04-04T12:46:06.897Z] ----------------------------------------------------------------------
[debug] [2020-04-04T12:46:06.897Z] 
[debug] [2020-04-04T12:46:06.909Z] > command requires scopes: ["email","openid","https://www.googleapis.com/auth/cloudplatformprojects.readonly","https://www.googleapis.com/auth/firebase","https://www.googleapis.com/auth/cloud-platform"]
[debug] [2020-04-04T12:46:06.913Z] > authorizing via signed-in user
[info] 
     ######## #### ########  ######## ########     ###     ######  ########
     ##        ##  ##     ## ##       ##     ##  ##   ##  ##       ##
     ######    ##  ########  ######   ########  #########  ######  ######
     ##        ##  ##    ##  ##       ##     ## ##     ##       ## ##
     ##       #### ##     ## ######## ########  ##     ##  ######  ########

You're about to initialize a Firebase project in this directory:

  e:\AhamRepo\my-shoppie

[error] 
[error] Error: Must select at least one feature. Use SPACEBAR to select features, or provide a feature with firebase init [feature_name]
[debug] [2020-04-04T12:47:25.773Z] ----------------------------------------------------------------------
[debug] [2020-04-04T12:47:25.775Z] Command:       C:\Program Files\nodejs\node.exe C:\Users\dell\AppData\Roaming\npm\node_modules\firebase-tools\lib\bin\firebase.js init
[debug] [2020-04-04T12:47:25.776Z] CLI Version:   8.0.1
[debug] [2020-04-04T12:47:25.776Z] Platform:      win32
[debug] [2020-04-04T12:47:25.776Z] Node Version:  v10.15.3
[debug] [2020-04-04T12:47:25.777Z] Time:          Sat Apr 04 2020 17:47:25 GMT+0500 (Pakistan Standard Time)
[debug] [2020-04-04T12:47:25.778Z] ----------------------------------------------------------------------
[debug] [2020-04-04T12:47:25.778Z] 
[debug] [2020-04-04T12:47:25.786Z] > command requires scopes: ["email","openid","https://www.googleapis.com/auth/cloudplatformprojects.readonly","https://www.googleapis.com/auth/firebase","https://www.googleapis.com/auth/cloud-platform"]
[debug] [2020-04-04T12:47:25.790Z] > authorizing via signed-in user
[info] 
     ######## #### ########  ######## ########     ###     ######  ########
     ##        ##  ##     ## ##       ##     ##  ##   ##  ##       ##
     ######    ##  ########  ######   ########  #########  ######  ######
     ##        ##  ##    ##  ##       ##     ## ##     ##       ## ##
     ##       #### ##     ## ######## ########  ##     ##  ######  ########

You're about to initialize a Firebase project in this directory:

  E:\ahamrepo\my-shoppie

[error] 
[error] Error: Must select at least one feature. Use SPACEBAR to select features, or provide a feature with firebase init [feature_name]
[debug] [2020-04-04T12:50:32.004Z] ----------------------------------------------------------------------
[debug] [2020-04-04T12:50:32.008Z] Command:       C:\Program Files\nodejs\node.exe C:\Users\dell\AppData\Roaming\npm\node_modules\firebase-tools\lib\bin\firebase.js init
[debug] [2020-04-04T12:50:32.009Z] CLI Version:   8.0.1
[debug] [2020-04-04T12:50:32.009Z] Platform:      win32
[debug] [2020-04-04T12:50:32.009Z] Node Version:  v10.15.3
[debug] [2020-04-04T12:50:32.011Z] Time:          Sat Apr 04 2020 17:50:32 GMT+0500 (Pakistan Standard Time)
[debug] [2020-04-04T12:50:32.011Z] ----------------------------------------------------------------------
[debug] [2020-04-04T12:50:32.011Z] 
[debug] [2020-04-04T12:50:32.021Z] > command requires scopes: ["email","openid","https://www.googleapis.com/auth/cloudplatformprojects.readonly","https://www.googleapis.com/auth/firebase","https://www.googleapis.com/auth/cloud-platform"]
[debug] [2020-04-04T12:50:32.024Z] > authorizing via signed-in user
[info] 
     ######## #### ########  ######## ########     ###     ######  ########
     ##        ##  ##     ## ##       ##     ##  ##   ##  ##       ##
     ######    ##  ########  ######   ########  #########  ######  ######
     ##        ##  ##    ##  ##       ##     ## ##     ##       ## ##
     ##       #### ##     ## ######## ########  ##     ##  ######  ########

You're about to initialize a Firebase project in this directory:

  E:\ahamrepo\my-shoppie

Before we get started, keep in mind:

  * You are initializing in an existing Firebase project directory

[error] 
[error] Error: Must select at least one feature. Use SPACEBAR to select features, or provide a feature with firebase init [feature_name]
[debug] [2020-04-04T12:51:01.675Z] ----------------------------------------------------------------------
[debug] [2020-04-04T12:51:01.678Z] Command:       C:\Program Files\nodejs\node.exe C:\Users\dell\AppData\Roaming\npm\node_modules\firebase-tools\lib\bin\firebase.js init
[debug] [2020-04-04T12:51:01.679Z] CLI Version:   8.0.1
[debug] [2020-04-04T12:51:01.679Z] Platform:      win32
[debug] [2020-04-04T12:51:01.679Z] Node Version:  v10.15.3
[debug] [2020-04-04T12:51:01.680Z] Time:          Sat Apr 04 2020 17:51:01 GMT+0500 (Pakistan Standard Time)
[debug] [2020-04-04T12:51:01.680Z] ----------------------------------------------------------------------
[debug] [2020-04-04T12:51:01.681Z] 
[debug] [2020-04-04T12:51:01.691Z] > command requires scopes: ["email","openid","https://www.googleapis.com/auth/cloudplatformprojects.readonly","https://www.googleapis.com/auth/firebase","https://www.googleapis.com/auth/cloud-platform"]
[debug] [2020-04-04T12:51:01.694Z] > authorizing via signed-in user
[info] 
     ######## #### ########  ######## ########     ###     ######  ########
     ##        ##  ##     ## ##       ##     ##  ##   ##  ##       ##
     ######    ##  ########  ######   ########  #########  ######  ######
     ##        ##  ##    ##  ##       ##     ## ##     ##       ## ##
     ##       #### ##     ## ######## ########  ##     ##  ######  ########

You're about to initialize a Firebase project in this directory:

  E:\ahamrepo\my-shoppie

Before we get started, keep in mind:

  * You are initializing in an existing Firebase project directory

[info] 
=== Project Setup
[info] 
[info] First, let's associate this project directory with a Firebase project.
[info] You can create multiple project aliases by running firebase use --add, 
[info] but for now we'll just set up a default project.
[info] 
[debug] [2020-04-04T12:51:21.123Z] > refreshing access token with scopes: ["email","https://www.googleapis.com/auth/cloud-platform","https://www.googleapis.com/auth/cloudplatformprojects.readonly","https://www.googleapis.com/auth/firebase","openid"]
[debug] [2020-04-04T12:51:21.125Z] >>> HTTP REQUEST POST https://www.googleapis.com/oauth2/v3/token  
 <request body omitted>
[debug] [2020-04-04T12:51:22.589Z] <<< HTTP RESPONSE 200 {"content-type":"application/json; charset=utf-8","vary":"X-Origin, Referer, Origin,Accept-Encoding","date":"Sat, 04 Apr 2020 12:51:22 GMT","server":"scaffolding on HTTPServer2","cache-control":"private","x-xss-protection":"0","x-frame-options":"SAMEORIGIN","x-content-type-options":"nosniff","alt-svc":"quic=\":443\"; ma=2592000; v=\"46,43\",h3-Q050=\":443\"; ma=2592000,h3-Q049=\":443\"; ma=2592000,h3-Q048=\":443\"; ma=2592000,h3-Q046=\":443\"; ma=2592000,h3-Q043=\":443\"; ma=2592000,h3-T050=\":443\"; ma=2592000","accept-ranges":"none","transfer-encoding":"chunked"}
[debug] [2020-04-04T12:51:22.599Z] >>> HTTP REQUEST GET https://firebase.googleapis.com/v1beta1/projects?pageSize=100  
 
[debug] [2020-04-04T12:51:23.304Z] <<< HTTP RESPONSE 200 {"content-type":"application/json; charset=UTF-8","vary":"X-Origin, Referer, Origin,Accept-Encoding","date":"Sat, 04 Apr 2020 12:51:23 GMT","server":"ESF","cache-control":"private","x-xss-protection":"0","x-frame-options":"SAMEORIGIN","x-content-type-options":"nosniff","alt-svc":"quic=\":443\"; ma=2592000; v=\"46,43\",h3-Q050=\":443\"; ma=2592000,h3-Q049=\":443\"; ma=2592000,h3-Q048=\":443\"; ma=2592000,h3-Q046=\":443\"; ma=2592000,h3-Q043=\":443\"; ma=2592000,h3-T050=\":443\"; ma=2592000","accept-ranges":"none","transfer-encoding":"chunked"}
[info] i  Using project my-shop-54aa3 (my-shop)
[info] 
=== Hosting Setup
[info] 
[info] Your public directory is the folder (relative to your project directory) that
[info] will contain Hosting assets to be uploaded with firebase deploy. If you
[info] have a build process for your assets, use your build's output directory.
[info] 
[debug] [2020-04-04T12:51:49.709Z] >>> HTTP REQUEST GET https://www.gstatic.com/firebasejs/releases.json  
 
[debug] [2020-04-04T12:51:50.132Z] <<< HTTP RESPONSE 200 {"accept-ranges":"bytes","vary":"Accept-Encoding, Origin","content-type":"application/json","content-length":"1429","date":"Sat, 04 Apr 2020 12:07:02 GMT","expires":"Sat, 04 Apr 2020 12:57:02 GMT","last-modified":"Thu, 02 Apr 2020 21:45:20 GMT","x-content-type-options":"nosniff","server":"sffe","x-xss-protection":"0","cache-control":"public, max-age=3000","age":"2688","alt-svc":"quic=\":443\"; ma=2592000; v=\"46,43\",h3-Q050=\":443\"; ma=2592000,h3-Q049=\":443\"; ma=2592000,h3-Q048=\":443\"; ma=2592000,h3-Q046=\":443\"; ma=2592000,h3-Q043=\":443\"; ma=2592000,h3-T050=\":443\"; ma=2592000"}
[debug] [2020-04-04T13:11:36.183Z] ----------------------------------------------------------------------
[debug] [2020-04-04T13:11:36.186Z] Command:       C:\Program Files\nodejs\node.exe C:\Users\dell\AppData\Roaming\npm\node_modules\firebase-tools\lib\bin\firebase.js deploy
[debug] [2020-04-04T13:11:36.187Z] CLI Version:   8.0.1
[debug] [2020-04-04T13:11:36.187Z] Platform:      win32
[debug] [2020-04-04T13:11:36.187Z] Node Version:  v10.15.3
[debug] [2020-04-04T13:11:36.188Z] Time:          Sat Apr 04 2020 18:11:36 GMT+0500 (Pakistan Standard Time)
[debug] [2020-04-04T13:11:36.188Z] ----------------------------------------------------------------------
[debug] [2020-04-04T13:11:36.189Z] 
[debug] [2020-04-04T13:11:36.201Z] > command requires scopes: ["email","openid","https://www.googleapis.com/auth/cloudplatformprojects.readonly","https://www.googleapis.com/auth/firebase","https://www.googleapis.com/auth/cloud-platform"]
[debug] [2020-04-04T13:11:36.204Z] > authorizing via signed-in user
[debug] [2020-04-04T13:11:36.206Z] [iam] checking project my-shop-54aa3 for permissions ["firebase.projects.get","firebasehosting.sites.update"]
[debug] [2020-04-04T13:11:36.211Z] >>> HTTP REQUEST POST https://cloudresourcemanager.googleapis.com/v1/projects/my-shop-54aa3:testIamPermissions  
 {"permissions":["firebase.projects.get","firebasehosting.sites.update"]}
[debug] [2020-04-04T13:11:57.954Z] [iam] error while checking permissions, command may fail: FirebaseError: Server Error. connect ETIMEDOUT 216.58.208.234:443
[debug] [2020-04-04T13:11:57.957Z] >>> HTTP REQUEST GET https://firebase.googleapis.com/v1beta1/projects/my-shop-54aa3  
 
[debug] [2020-04-04T13:11:58.674Z] <<< HTTP RESPONSE 200 {"content-type":"application/json; charset=UTF-8","vary":"X-Origin, Referer, Origin,Accept-Encoding","date":"Sat, 04 Apr 2020 13:11:58 GMT","server":"ESF","cache-control":"private","x-xss-protection":"0","x-frame-options":"SAMEORIGIN","x-content-type-options":"nosniff","alt-svc":"quic=\":443\"; ma=2592000; v=\"46,43\",h3-Q050=\":443\"; ma=2592000,h3-Q049=\":443\"; ma=2592000,h3-Q048=\":443\"; ma=2592000,h3-Q046=\":443\"; ma=2592000,h3-Q043=\":443\"; ma=2592000,h3-T050=\":443\"; ma=2592000","accept-ranges":"none","transfer-encoding":"chunked"}
[info] 
[info] === Deploying to 'my-shop-54aa3'...
[info] 
[info] i  deploying hosting
[debug] [2020-04-04T13:11:58.685Z] >>> HTTP REQUEST POST https://firebasehosting.googleapis.com/v1beta1/sites/my-shop-54aa3/versions  
 {"config":{"rewrites":[{"glob":"**","path":"/index.html"}]},"labels":{"deployment-tool":"cli-firebase"}}
[debug] [2020-04-04T13:12:01.866Z] <<< HTTP RESPONSE 200 {"content-type":"application/json; charset=UTF-8","vary":"X-Origin, Referer, Origin,Accept-Encoding","date":"Sat, 04 Apr 2020 13:12:01 GMT","server":"ESF","cache-control":"private","x-xss-protection":"0","x-frame-options":"SAMEORIGIN","x-content-type-options":"nosniff","alt-svc":"quic=\":443\"; ma=2592000; v=\"46,43\",h3-Q050=\":443\"; ma=2592000,h3-Q049=\":443\"; ma=2592000,h3-Q048=\":443\"; ma=2592000,h3-Q046=\":443\"; ma=2592000,h3-Q043=\":443\"; ma=2592000,h3-T050=\":443\"; ma=2592000","accept-ranges":"none","transfer-encoding":"chunked"}
[info] i  hosting[my-shop-54aa3]: beginning deploy...
[info] i  hosting[my-shop-54aa3]: found 1 files in public
[debug] [2020-04-04T13:12:01.879Z] [hosting] hash cache [cHVibGlj] not populated
[debug] [2020-04-04T13:12:01.896Z] [hosting] hash cache [cHVibGlj] stored for 1 files
[debug] [2020-04-04T13:12:01.898Z] [hosting][hash queue][FINAL] {"max":11,"min":11,"avg":11,"active":0,"complete":1,"success":1,"errored":0,"retried":0,"total":1,"elapsed":17}
[debug] [2020-04-04T13:12:01.901Z] >>> HTTP REQUEST POST https://firebasehosting.googleapis.com/v1beta1/sites/my-shop-54aa3/versions/e4eae0749eb8da2c:populateFiles  
 <request body omitted>
[debug] [2020-04-04T13:12:03.715Z] <<< HTTP RESPONSE 200 {"content-type":"application/json; charset=UTF-8","vary":"X-Origin, Referer, Origin,Accept-Encoding","date":"Sat, 04 Apr 2020 13:12:03 GMT","server":"ESF","cache-control":"private","x-xss-protection":"0","x-frame-options":"SAMEORIGIN","x-content-type-options":"nosniff","alt-svc":"quic=\":443\"; ma=2592000; v=\"46,43\",h3-Q050=\":443\"; ma=2592000,h3-Q049=\":443\"; ma=2592000,h3-Q048=\":443\"; ma=2592000,h3-Q046=\":443\"; ma=2592000,h3-Q043=\":443\"; ma=2592000,h3-T050=\":443\"; ma=2592000","accept-ranges":"none","transfer-encoding":"chunked"}
[debug] [2020-04-04T13:12:03.721Z] [hosting][populate queue][FINAL] {"max":1826,"min":1826,"avg":1826,"active":0,"complete":1,"success":1,"errored":0,"retried":0,"total":1,"elapsed":1828}
[debug] [2020-04-04T13:12:03.723Z] [hosting] uploads queued: 1
[debug] [2020-04-04T13:12:05.998Z] [hosting][upload queue][FINAL] {"max":2279,"min":2279,"avg":2279,"active":0,"complete":1,"success":1,"errored":0,"retried":0,"total":1,"elapsed":2279}
[info] +  hosting[my-shop-54aa3]: file upload complete
[debug] [2020-04-04T13:12:06.001Z] [hosting] deploy completed after 4131ms
[debug] [2020-04-04T13:12:06.003Z] [
  {
    "config": {
      "public": "public",
      "ignore": [
        "firebase.json",
        "**/.*",
        "**/node_modules/**"
      ],
      "rewrites": [
        {
          "source": "**",
          "destination": "/index.html"
        }
      ],
      "site": "my-shop-54aa3"
    },
    "site": "my-shop-54aa3",
    "version": "sites/my-shop-54aa3/versions/e4eae0749eb8da2c"
  }
]
[info] i  hosting[my-shop-54aa3]: finalizing version...
[debug] [2020-04-04T13:12:06.013Z] >>> HTTP REQUEST PATCH https://firebasehosting.googleapis.com/v1beta1/sites/my-shop-54aa3/versions/e4eae0749eb8da2c?updateMask=status  
 {"status":"FINALIZED"}
[debug] [2020-04-04T13:12:27.021Z] Error: connect ETIMEDOUT 172.217.19.170:443
    at TCPConnectWrap.afterConnect [as oncomplete] (net.js:1097:14)
[error] 
[error] Error: Server Error. connect ETIMEDOUT 172.217.19.170:443
[debug] [2020-04-04T13:12:43.215Z] ----------------------------------------------------------------------
[debug] [2020-04-04T13:12:43.218Z] Command:       C:\Program Files\nodejs\node.exe C:\Users\dell\AppData\Roaming\npm\node_modules\firebase-tools\lib\bin\firebase.js deploy
[debug] [2020-04-04T13:12:43.218Z] CLI Version:   8.0.1
[debug] [2020-04-04T13:12:43.219Z] Platform:      win32
[debug] [2020-04-04T13:12:43.219Z] Node Version:  v10.15.3
[debug] [2020-04-04T13:12:43.220Z] Time:          Sat Apr 04 2020 18:12:43 GMT+0500 (Pakistan Standard Time)
[debug] [2020-04-04T13:12:43.220Z] ----------------------------------------------------------------------
[debug] [2020-04-04T13:12:43.220Z] 
[debug] [2020-04-04T13:12:43.233Z] > command requires scopes: ["email","openid","https://www.googleapis.com/auth/cloudplatformprojects.readonly","https://www.googleapis.com/auth/firebase","https://www.googleapis.com/auth/cloud-platform"]
[debug] [2020-04-04T13:12:43.237Z] > authorizing via signed-in user
[debug] [2020-04-04T13:12:43.238Z] [iam] checking project my-shop-54aa3 for permissions ["firebase.projects.get","firebasehosting.sites.update"]
[debug] [2020-04-04T13:12:43.246Z] >>> HTTP REQUEST POST https://cloudresourcemanager.googleapis.com/v1/projects/my-shop-54aa3:testIamPermissions  
 {"permissions":["firebase.projects.get","firebasehosting.sites.update"]}
[debug] [2020-04-04T13:12:45.047Z] <<< HTTP RESPONSE 200 {"content-type":"application/json; charset=UTF-8","vary":"X-Origin, Referer, Origin,Accept-Encoding","date":"Sat, 04 Apr 2020 13:12:45 GMT","server":"ESF","cache-control":"private","x-xss-protection":"0","x-frame-options":"SAMEORIGIN","x-content-type-options":"nosniff","server-timing":"gfet4t7; dur=1407","alt-svc":"quic=\":443\"; ma=2592000; v=\"46,43\",h3-Q050=\":443\"; ma=2592000,h3-Q049=\":443\"; ma=2592000,h3-Q048=\":443\"; ma=2592000,h3-Q046=\":443\"; ma=2592000,h3-Q043=\":443\"; ma=2592000,h3-T050=\":443\"; ma=2592000","accept-ranges":"none","transfer-encoding":"chunked"}
[debug] [2020-04-04T13:12:45.053Z] >>> HTTP REQUEST GET https://firebase.googleapis.com/v1beta1/projects/my-shop-54aa3  
 
[debug] [2020-04-04T13:12:45.601Z] <<< HTTP RESPONSE 200 {"content-type":"application/json; charset=UTF-8","vary":"X-Origin, Referer, Origin,Accept-Encoding","date":"Sat, 04 Apr 2020 13:12:45 GMT","server":"ESF","cache-control":"private","x-xss-protection":"0","x-frame-options":"SAMEORIGIN","x-content-type-options":"nosniff","alt-svc":"quic=\":443\"; ma=2592000; v=\"46,43\",h3-Q050=\":443\"; ma=2592000,h3-Q049=\":443\"; ma=2592000,h3-Q048=\":443\"; ma=2592000,h3-Q046=\":443\"; ma=2592000,h3-Q043=\":443\"; ma=2592000,h3-T050=\":443\"; ma=2592000","accept-ranges":"none","transfer-encoding":"chunked"}
[info] 
[info] === Deploying to 'my-shop-54aa3'...
[info] 
[info] i  deploying hosting
[debug] [2020-04-04T13:12:45.611Z] >>> HTTP REQUEST POST https://firebasehosting.googleapis.com/v1beta1/sites/my-shop-54aa3/versions  
 {"config":{"rewrites":[{"glob":"**","path":"/index.html"}]},"labels":{"deployment-tool":"cli-firebase"}}
[debug] [2020-04-04T13:13:06.623Z] Error: connect ETIMEDOUT 172.217.19.170:443
    at TCPConnectWrap.afterConnect [as oncomplete] (net.js:1097:14)
[error] 
[error] Error: Server Error. connect ETIMEDOUT 172.217.19.170:443
[debug] [2020-04-04T13:13:35.325Z] ----------------------------------------------------------------------
[debug] [2020-04-04T13:13:35.328Z] Command:       C:\Program Files\nodejs\node.exe C:\Users\dell\AppData\Roaming\npm\node_modules\firebase-tools\lib\bin\firebase.js deploy
[debug] [2020-04-04T13:13:35.329Z] CLI Version:   8.0.1
[debug] [2020-04-04T13:13:35.329Z] Platform:      win32
[debug] [2020-04-04T13:13:35.329Z] Node Version:  v10.15.3
[debug] [2020-04-04T13:13:35.330Z] Time:          Sat Apr 04 2020 18:13:35 GMT+0500 (Pakistan Standard Time)
[debug] [2020-04-04T13:13:35.330Z] ----------------------------------------------------------------------
[debug] [2020-04-04T13:13:35.331Z] 
[debug] [2020-04-04T13:13:35.343Z] > command requires scopes: ["email","openid","https://www.googleapis.com/auth/cloudplatformprojects.readonly","https://www.googleapis.com/auth/firebase","https://www.googleapis.com/auth/cloud-platform"]
[debug] [2020-04-04T13:13:35.347Z] > authorizing via signed-in user
[debug] [2020-04-04T13:13:35.349Z] [iam] checking project my-shop-54aa3 for permissions ["firebase.projects.get","firebasehosting.sites.update"]
[debug] [2020-04-04T13:13:35.356Z] >>> HTTP REQUEST POST https://cloudresourcemanager.googleapis.com/v1/projects/my-shop-54aa3:testIamPermissions  
 {"permissions":["firebase.projects.get","firebasehosting.sites.update"]}
[debug] [2020-04-04T13:13:37.202Z] <<< HTTP RESPONSE 200 {"content-type":"application/json; charset=UTF-8","vary":"X-Origin, Referer, Origin,Accept-Encoding","date":"Sat, 04 Apr 2020 13:13:37 GMT","server":"ESF","cache-control":"private","x-xss-protection":"0","x-frame-options":"SAMEORIGIN","x-content-type-options":"nosniff","server-timing":"gfet4t7; dur=1397","alt-svc":"quic=\":443\"; ma=2592000; v=\"46,43\",h3-Q050=\":443\"; ma=2592000,h3-Q049=\":443\"; ma=2592000,h3-Q048=\":443\"; ma=2592000,h3-Q046=\":443\"; ma=2592000,h3-Q043=\":443\"; ma=2592000,h3-T050=\":443\"; ma=2592000","accept-ranges":"none","transfer-encoding":"chunked"}
[debug] [2020-04-04T13:13:37.208Z] >>> HTTP REQUEST GET https://firebase.googleapis.com/v1beta1/projects/my-shop-54aa3  
 
[debug] [2020-04-04T13:13:58.217Z] Server Error. connect ETIMEDOUT 216.58.207.106:443
[debug] [2020-04-04T13:13:58.221Z] FirebaseError: Server Error. connect ETIMEDOUT 216.58.207.106:443
    at Request._callback (C:\Users\dell\AppData\Roaming\npm\node_modules\firebase-tools\lib\api.js:31:31)
    at self.callback (C:\Users\dell\AppData\Roaming\npm\node_modules\firebase-tools\node_modules\request\request.js:185:22)
    at Request.emit (events.js:189:13)
    at Request.EventEmitter.emit (domain.js:441:20)
    at Request.onRequestError (C:\Users\dell\AppData\Roaming\npm\node_modules\firebase-tools\node_modules\request\request.js:877:8)
    at ClientRequest.emit (events.js:194:15)
    at ClientRequest.EventEmitter.emit (domain.js:441:20)
    at TLSSocket.socketErrorListener (_http_client.js:392:9)
    at TLSSocket.emit (events.js:189:13)
    at TLSSocket.EventEmitter.emit (domain.js:441:20)
    at emitErrorNT (internal/streams/destroy.js:82:8)
    at emitErrorAndCloseNT (internal/streams/destroy.js:50:3)
    at process._tickCallback (internal/process/next_tick.js:63:19)
[error] 
[error] Error: Failed to get Firebase project my-shop-54aa3. Please make sure the project exists and your account has permission to access it.
[debug] [2020-04-04T13:15:45.087Z] ----------------------------------------------------------------------
[debug] [2020-04-04T13:15:45.090Z] Command:       C:\Program Files\nodejs\node.exe C:\Users\dell\AppData\Roaming\npm\node_modules\firebase-tools\lib\bin\firebase.js use --add
[debug] [2020-04-04T13:15:45.091Z] CLI Version:   8.0.1
[debug] [2020-04-04T13:15:45.091Z] Platform:      win32
[debug] [2020-04-04T13:15:45.091Z] Node Version:  v10.15.3
[debug] [2020-04-04T13:15:45.092Z] Time:          Sat Apr 04 2020 18:15:45 GMT+0500 (Pakistan Standard Time)
[debug] [2020-04-04T13:15:45.092Z] ----------------------------------------------------------------------
[debug] [2020-04-04T13:15:45.092Z] 
[debug] [2020-04-04T13:15:45.105Z] > command requires scopes: ["email","openid","https://www.googleapis.com/auth/cloudplatformprojects.readonly","https://www.googleapis.com/auth/firebase","https://www.googleapis.com/auth/cloud-platform"]
[debug] [2020-04-04T13:15:45.109Z] > authorizing via signed-in user
[debug] [2020-04-04T13:15:45.117Z] >>> HTTP REQUEST GET https://firebase.googleapis.com/v1beta1/projects?pageSize=1000  
 
[debug] [2020-04-04T13:15:45.757Z] <<< HTTP RESPONSE 200 {"content-type":"application/json; charset=UTF-8","vary":"X-Origin, Referer, Origin,Accept-Encoding","date":"Sat, 04 Apr 2020 13:15:45 GMT","server":"ESF","cache-control":"private","x-xss-protection":"0","x-frame-options":"SAMEORIGIN","x-content-type-options":"nosniff","alt-svc":"quic=\":443\"; ma=2592000; v=\"46,43\",h3-Q050=\":443\"; ma=2592000,h3-Q049=\":443\"; ma=2592000,h3-Q048=\":443\"; ma=2592000,h3-Q046=\":443\"; ma=2592000,h3-Q043=\":443\"; ma=2592000,h3-T050=\":443\"; ma=2592000","accept-ranges":"none","transfer-encoding":"chunked"}
[info] 
[debug] [2020-04-04T13:16:17.598Z] ----------------------------------------------------------------------
[debug] [2020-04-04T13:16:17.602Z] Command:       C:\Program Files\nodejs\node.exe C:\Users\dell\AppData\Roaming\npm\node_modules\firebase-tools\lib\bin\firebase.js deploy
[debug] [2020-04-04T13:16:17.603Z] CLI Version:   8.0.1
[debug] [2020-04-04T13:16:17.603Z] Platform:      win32
[debug] [2020-04-04T13:16:17.603Z] Node Version:  v10.15.3
[debug] [2020-04-04T13:16:17.604Z] Time:          Sat Apr 04 2020 18:16:17 GMT+0500 (Pakistan Standard Time)
[debug] [2020-04-04T13:16:17.604Z] ----------------------------------------------------------------------
[debug] [2020-04-04T13:16:17.604Z] 
[debug] [2020-04-04T13:16:17.617Z] > command requires scopes: ["email","openid","https://www.googleapis.com/auth/cloudplatformprojects.readonly","https://www.googleapis.com/auth/firebase","https://www.googleapis.com/auth/cloud-platform"]
[debug] [2020-04-04T13:16:17.620Z] > authorizing via signed-in user
[debug] [2020-04-04T13:16:17.622Z] [iam] checking project my-shop-54aa3 for permissions ["firebase.projects.get","firebasehosting.sites.update"]
[debug] [2020-04-04T13:16:17.627Z] >>> HTTP REQUEST POST https://cloudresourcemanager.googleapis.com/v1/projects/my-shop-54aa3:testIamPermissions  
 {"permissions":["firebase.projects.get","firebasehosting.sites.update"]}
[debug] [2020-04-04T13:16:19.421Z] <<< HTTP RESPONSE 200 {"content-type":"application/json; charset=UTF-8","vary":"X-Origin, Referer, Origin,Accept-Encoding","date":"Sat, 04 Apr 2020 13:16:19 GMT","server":"ESF","cache-control":"private","x-xss-protection":"0","x-frame-options":"SAMEORIGIN","x-content-type-options":"nosniff","server-timing":"gfet4t7; dur=1403","alt-svc":"quic=\":443\"; ma=2592000; v=\"46,43\",h3-Q050=\":443\"; ma=2592000,h3-Q049=\":443\"; ma=2592000,h3-Q048=\":443\"; ma=2592000,h3-Q046=\":443\"; ma=2592000,h3-Q043=\":443\"; ma=2592000,h3-T050=\":443\"; ma=2592000","accept-ranges":"none","transfer-encoding":"chunked"}
[debug] [2020-04-04T13:16:19.427Z] >>> HTTP REQUEST GET https://firebase.googleapis.com/v1beta1/projects/my-shop-54aa3  
 
[debug] [2020-04-04T13:16:20.026Z] <<< HTTP RESPONSE 200 {"content-type":"application/json; charset=UTF-8","vary":"X-Origin, Referer, Origin,Accept-Encoding","date":"Sat, 04 Apr 2020 13:16:20 GMT","server":"ESF","cache-control":"private","x-xss-protection":"0","x-frame-options":"SAMEORIGIN","x-content-type-options":"nosniff","alt-svc":"quic=\":443\"; ma=2592000; v=\"46,43\",h3-Q050=\":443\"; ma=2592000,h3-Q049=\":443\"; ma=2592000,h3-Q048=\":443\"; ma=2592000,h3-Q046=\":443\"; ma=2592000,h3-Q043=\":443\"; ma=2592000,h3-T050=\":443\"; ma=2592000","accept-ranges":"none","transfer-encoding":"chunked"}
[info] 
[info] === Deploying to 'my-shop-54aa3'...
[info] 
[info] i  deploying hosting
[debug] [2020-04-04T13:16:20.036Z] >>> HTTP REQUEST POST https://firebasehosting.googleapis.com/v1beta1/sites/my-shop-54aa3/versions  
 {"config":{"rewrites":[{"glob":"**","path":"/index.html"}]},"labels":{"deployment-tool":"cli-firebase"}}
[debug] [2020-04-04T13:16:22.468Z] <<< HTTP RESPONSE 200 {"content-type":"application/json; charset=UTF-8","vary":"X-Origin, Referer, Origin,Accept-Encoding","date":"Sat, 04 Apr 2020 13:16:22 GMT","server":"ESF","cache-control":"private","x-xss-protection":"0","x-frame-options":"SAMEORIGIN","x-content-type-options":"nosniff","alt-svc":"quic=\":443\"; ma=2592000; v=\"46,43\",h3-Q050=\":443\"; ma=2592000,h3-Q049=\":443\"; ma=2592000,h3-Q048=\":443\"; ma=2592000,h3-Q046=\":443\"; ma=2592000,h3-Q043=\":443\"; ma=2592000,h3-T050=\":443\"; ma=2592000","accept-ranges":"none","transfer-encoding":"chunked"}
[info] i  hosting[my-shop-54aa3]: beginning deploy...
[info] i  hosting[my-shop-54aa3]: found 1 files in public
[debug] [2020-04-04T13:16:22.489Z] [hosting] hash cache [cHVibGlj] stored for 1 files
[debug] [2020-04-04T13:16:22.491Z] [hosting][hash queue][FINAL] {"max":1,"min":1,"avg":1,"active":0,"complete":1,"success":1,"errored":0,"retried":0,"total":1,"elapsed":7}
[debug] [2020-04-04T13:16:22.493Z] >>> HTTP REQUEST POST https://firebasehosting.googleapis.com/v1beta1/sites/my-shop-54aa3/versions/c3b857274d7cd214:populateFiles  
 <request body omitted>
[debug] [2020-04-04T13:16:24.332Z] <<< HTTP RESPONSE 200 {"content-type":"application/json; charset=UTF-8","vary":"X-Origin, Referer, Origin,Accept-Encoding","date":"Sat, 04 Apr 2020 13:16:24 GMT","server":"ESF","cache-control":"private","x-xss-protection":"0","x-frame-options":"SAMEORIGIN","x-content-type-options":"nosniff","alt-svc":"quic=\":443\"; ma=2592000; v=\"46,43\",h3-Q050=\":443\"; ma=2592000,h3-Q049=\":443\"; ma=2592000,h3-Q048=\":443\"; ma=2592000,h3-Q046=\":443\"; ma=2592000,h3-Q043=\":443\"; ma=2592000,h3-T050=\":443\"; ma=2592000","accept-ranges":"none","transfer-encoding":"chunked"}
[debug] [2020-04-04T13:16:24.337Z] [hosting][populate queue][FINAL] {"max":1849,"min":1849,"avg":1849,"active":0,"complete":1,"success":1,"errored":0,"retried":0,"total":1,"elapsed":1850}
[debug] [2020-04-04T13:16:24.338Z] [hosting] uploads queued: 0
[debug] [2020-04-04T13:16:24.342Z] [hosting][upload queue][FINAL] {"max":0,"min":9999999999,"avg":0,"active":0,"complete":0,"success":0,"errored":0,"retried":0,"total":0,"elapsed":1586006184342}
[info] +  hosting[my-shop-54aa3]: file upload complete
[debug] [2020-04-04T13:16:24.345Z] [hosting] deploy completed after 1871ms
[debug] [2020-04-04T13:16:24.347Z] [
  {
    "config": {
      "public": "public",
      "ignore": [
        "firebase.json",
        "**/.*",
        "**/node_modules/**"
      ],
      "rewrites": [
        {
          "source": "**",
          "destination": "/index.html"
        }
      ],
      "site": "my-shop-54aa3"
    },
    "site": "my-shop-54aa3",
    "version": "sites/my-shop-54aa3/versions/c3b857274d7cd214"
  }
]
[info] i  hosting[my-shop-54aa3]: finalizing version...
[debug] [2020-04-04T13:16:24.363Z] >>> HTTP REQUEST PATCH https://firebasehosting.googleapis.com/v1beta1/sites/my-shop-54aa3/versions/c3b857274d7cd214?updateMask=status  
 {"status":"FINALIZED"}
[debug] [2020-04-04T13:16:26.252Z] <<< HTTP RESPONSE 200 {"content-type":"application/json; charset=UTF-8","vary":"X-Origin, Referer, Origin,Accept-Encoding","date":"Sat, 04 Apr 2020 13:16:26 GMT","server":"ESF","cache-control":"private","x-xss-protection":"0","x-frame-options":"SAMEORIGIN","x-content-type-options":"nosniff","alt-svc":"quic=\":443\"; ma=2592000; v=\"46,43\",h3-Q050=\":443\"; ma=2592000,h3-Q049=\":443\"; ma=2592000,h3-Q048=\":443\"; ma=2592000,h3-Q046=\":443\"; ma=2592000,h3-Q043=\":443\"; ma=2592000,h3-T050=\":443\"; ma=2592000","accept-ranges":"none","transfer-encoding":"chunked"}
[debug] [2020-04-04T13:16:26.256Z] [hosting] finalized version for my-shop-54aa3: {"name":"sites/my-shop-54aa3/versions/c3b857274d7cd214","status":"FINALIZED","config":{"rewrites":[{"glob":"**","path":"/index.html"}]},"labels":{"deployment-tool":"cli-firebase"},"createTime":"2020-04-04T13:16:21.906095Z","createUser":{"email":"properpakistani@gmail.com"},"finalizeTime":"2020-04-04T13:16:26.196177Z","finalizeUser":{"email":"properpakistani@gmail.com"}}
[info] +  hosting[my-shop-54aa3]: version finalized
[info] i  hosting[my-shop-54aa3]: releasing new version...
[debug] [2020-04-04T13:16:26.260Z] >>> HTTP REQUEST POST https://firebasehosting.googleapis.com/v1beta1/sites/my-shop-54aa3/releases?version_name=sites/my-shop-54aa3/versions/c3b857274d7cd214  
 {"message":null}
[debug] [2020-04-04T13:16:27.993Z] <<< HTTP RESPONSE 200 {"content-type":"application/json; charset=UTF-8","vary":"X-Origin, Referer, Origin,Accept-Encoding","date":"Sat, 04 Apr 2020 13:16:27 GMT","server":"ESF","cache-control":"private","x-xss-protection":"0","x-frame-options":"SAMEORIGIN","x-content-type-options":"nosniff","alt-svc":"quic=\":443\"; ma=2592000; v=\"46,43\",h3-Q050=\":443\"; ma=2592000,h3-Q049=\":443\"; ma=2592000,h3-Q048=\":443\"; ma=2592000,h3-Q046=\":443\"; ma=2592000,h3-Q043=\":443\"; ma=2592000,h3-T050=\":443\"; ma=2592000","accept-ranges":"none","transfer-encoding":"chunked"}
[debug] [2020-04-04T13:23:22.176Z] ----------------------------------------------------------------------
[debug] [2020-04-04T13:23:22.179Z] Command:       C:\Program Files\nodejs\node.exe C:\Users\dell\AppData\Roaming\npm\node_modules\firebase-tools\lib\bin\firebase.js deploy
[debug] [2020-04-04T13:23:22.179Z] CLI Version:   8.0.1
[debug] [2020-04-04T13:23:22.180Z] Platform:      win32
[debug] [2020-04-04T13:23:22.180Z] Node Version:  v10.15.3
[debug] [2020-04-04T13:23:22.191Z] Time:          Sat Apr 04 2020 18:23:22 GMT+0500 (Pakistan Standard Time)
[debug] [2020-04-04T13:23:22.191Z] ----------------------------------------------------------------------
[debug] [2020-04-04T13:23:22.191Z] 
[debug] [2020-04-04T13:23:22.206Z] > command requires scopes: ["email","openid","https://www.googleapis.com/auth/cloudplatformprojects.readonly","https://www.googleapis.com/auth/firebase","https://www.googleapis.com/auth/cloud-platform"]
[debug] [2020-04-04T13:23:22.209Z] > authorizing via signed-in user
[debug] [2020-04-04T13:23:22.211Z] [iam] checking project my-shop-54aa3 for permissions ["firebase.projects.get","firebasehosting.sites.update"]
[debug] [2020-04-04T13:23:22.216Z] >>> HTTP REQUEST POST https://cloudresourcemanager.googleapis.com/v1/projects/my-shop-54aa3:testIamPermissions  
 {"permissions":["firebase.projects.get","firebasehosting.sites.update"]}
[debug] [2020-04-04T13:23:24.209Z] <<< HTTP RESPONSE 200 {"content-type":"application/json; charset=UTF-8","vary":"X-Origin, Referer, Origin,Accept-Encoding","date":"Sat, 04 Apr 2020 13:23:24 GMT","server":"ESF","cache-control":"private","x-xss-protection":"0","x-frame-options":"SAMEORIGIN","x-content-type-options":"nosniff","server-timing":"gfet4t7; dur=1397","alt-svc":"quic=\":443\"; ma=2592000; v=\"46,43\",h3-Q050=\":443\"; ma=2592000,h3-Q049=\":443\"; ma=2592000,h3-Q048=\":443\"; ma=2592000,h3-Q046=\":443\"; ma=2592000,h3-Q043=\":443\"; ma=2592000,h3-T050=\":443\"; ma=2592000","accept-ranges":"none","transfer-encoding":"chunked"}
[debug] [2020-04-04T13:23:24.215Z] >>> HTTP REQUEST GET https://firebase.googleapis.com/v1beta1/projects/my-shop-54aa3  
 
[debug] [2020-04-04T13:23:25.054Z] <<< HTTP RESPONSE 200 {"content-type":"application/json; charset=UTF-8","vary":"X-Origin, Referer, Origin,Accept-Encoding","date":"Sat, 04 Apr 2020 13:23:25 GMT","server":"ESF","cache-control":"private","x-xss-protection":"0","x-frame-options":"SAMEORIGIN","x-content-type-options":"nosniff","alt-svc":"quic=\":443\"; ma=2592000; v=\"46,43\",h3-Q050=\":443\"; ma=2592000,h3-Q049=\":443\"; ma=2592000,h3-Q048=\":443\"; ma=2592000,h3-Q046=\":443\"; ma=2592000,h3-Q043=\":443\"; ma=2592000,h3-T050=\":443\"; ma=2592000","accept-ranges":"none","transfer-encoding":"chunked"}
[info] 
[info] === Deploying to 'my-shop-54aa3'...
[info] 
[info] i  deploying hosting
[debug] [2020-04-04T13:23:25.065Z] >>> HTTP REQUEST POST https://firebasehosting.googleapis.com/v1beta1/sites/my-shop-54aa3/versions  
 {"config":{"rewrites":[{"glob":"**","path":"/index.html"}]},"labels":{"deployment-tool":"cli-firebase"}}
[debug] [2020-04-04T13:23:46.272Z] Error: connect ETIMEDOUT 172.217.19.170:443
    at TCPConnectWrap.afterConnect [as oncomplete] (net.js:1097:14)
[error] 
[error] Error: Server Error. connect ETIMEDOUT 172.217.19.170:443
[debug] [2020-04-04T13:23:57.516Z] ----------------------------------------------------------------------
[debug] [2020-04-04T13:23:57.518Z] Command:       C:\Program Files\nodejs\node.exe C:\Users\dell\AppData\Roaming\npm\node_modules\firebase-tools\lib\bin\firebase.js deploy
[debug] [2020-04-04T13:23:57.519Z] CLI Version:   8.0.1
[debug] [2020-04-04T13:23:57.519Z] Platform:      win32
[debug] [2020-04-04T13:23:57.519Z] Node Version:  v10.15.3
[debug] [2020-04-04T13:23:57.520Z] Time:          Sat Apr 04 2020 18:23:57 GMT+0500 (Pakistan Standard Time)
[debug] [2020-04-04T13:23:57.520Z] ----------------------------------------------------------------------
[debug] [2020-04-04T13:23:57.520Z] 
[debug] [2020-04-04T13:23:57.532Z] > command requires scopes: ["email","openid","https://www.googleapis.com/auth/cloudplatformprojects.readonly","https://www.googleapis.com/auth/firebase","https://www.googleapis.com/auth/cloud-platform"]
[debug] [2020-04-04T13:23:57.536Z] > authorizing via signed-in user
[debug] [2020-04-04T13:23:57.537Z] [iam] checking project my-shop-54aa3 for permissions ["firebase.projects.get","firebasehosting.sites.update"]
[debug] [2020-04-04T13:23:57.543Z] >>> HTTP REQUEST POST https://cloudresourcemanager.googleapis.com/v1/projects/my-shop-54aa3:testIamPermissions  
 {"permissions":["firebase.projects.get","firebasehosting.sites.update"]}
[debug] [2020-04-04T13:23:59.390Z] <<< HTTP RESPONSE 200 {"content-type":"application/json; charset=UTF-8","vary":"X-Origin, Referer, Origin,Accept-Encoding","date":"Sat, 04 Apr 2020 13:23:59 GMT","server":"ESF","cache-control":"private","x-xss-protection":"0","x-frame-options":"SAMEORIGIN","x-content-type-options":"nosniff","server-timing":"gfet4t7; dur=1398","alt-svc":"quic=\":443\"; ma=2592000; v=\"46,43\",h3-Q050=\":443\"; ma=2592000,h3-Q049=\":443\"; ma=2592000,h3-Q048=\":443\"; ma=2592000,h3-Q046=\":443\"; ma=2592000,h3-Q043=\":443\"; ma=2592000,h3-T050=\":443\"; ma=2592000","accept-ranges":"none","transfer-encoding":"chunked"}
[debug] [2020-04-04T13:23:59.396Z] >>> HTTP REQUEST GET https://firebase.googleapis.com/v1beta1/projects/my-shop-54aa3  
 
[debug] [2020-04-04T13:24:00.004Z] <<< HTTP RESPONSE 200 {"content-type":"application/json; charset=UTF-8","vary":"X-Origin, Referer, Origin,Accept-Encoding","date":"Sat, 04 Apr 2020 13:24:00 GMT","server":"ESF","cache-control":"private","x-xss-protection":"0","x-frame-options":"SAMEORIGIN","x-content-type-options":"nosniff","alt-svc":"quic=\":443\"; ma=2592000; v=\"46,43\",h3-Q050=\":443\"; ma=2592000,h3-Q049=\":443\"; ma=2592000,h3-Q048=\":443\"; ma=2592000,h3-Q046=\":443\"; ma=2592000,h3-Q043=\":443\"; ma=2592000,h3-T050=\":443\"; ma=2592000","accept-ranges":"none","transfer-encoding":"chunked"}
[info] 
[info] === Deploying to 'my-shop-54aa3'...
[info] 
[info] i  deploying hosting
[debug] [2020-04-04T13:24:00.022Z] >>> HTTP REQUEST POST https://firebasehosting.googleapis.com/v1beta1/sites/my-shop-54aa3/versions  
 {"config":{"rewrites":[{"glob":"**","path":"/index.html"}]},"labels":{"deployment-tool":"cli-firebase"}}
[debug] [2020-04-04T13:24:21.034Z] Error: connect ETIMEDOUT 172.217.19.170:443
    at TCPConnectWrap.afterConnect [as oncomplete] (net.js:1097:14)
[error] 
[error] Error: Server Error. connect ETIMEDOUT 172.217.19.170:443
[debug] [2020-04-04T13:24:33.239Z] ----------------------------------------------------------------------
[debug] [2020-04-04T13:24:33.243Z] Command:       C:\Program Files\nodejs\node.exe C:\Users\dell\AppData\Roaming\npm\node_modules\firebase-tools\lib\bin\firebase.js deploy
[debug] [2020-04-04T13:24:33.244Z] CLI Version:   8.0.1
[debug] [2020-04-04T13:24:33.245Z] Platform:      win32
[debug] [2020-04-04T13:24:33.245Z] Node Version:  v10.15.3
[debug] [2020-04-04T13:24:33.246Z] Time:          Sat Apr 04 2020 18:24:33 GMT+0500 (Pakistan Standard Time)
[debug] [2020-04-04T13:24:33.246Z] ----------------------------------------------------------------------
[debug] [2020-04-04T13:24:33.247Z] 
[debug] [2020-04-04T13:24:33.265Z] > command requires scopes: ["email","openid","https://www.googleapis.com/auth/cloudplatformprojects.readonly","https://www.googleapis.com/auth/firebase","https://www.googleapis.com/auth/cloud-platform"]
[debug] [2020-04-04T13:24:33.269Z] > authorizing via signed-in user
[debug] [2020-04-04T13:24:33.270Z] [iam] checking project my-shop-54aa3 for permissions ["firebase.projects.get","firebasehosting.sites.update"]
[debug] [2020-04-04T13:24:33.279Z] >>> HTTP REQUEST POST https://cloudresourcemanager.googleapis.com/v1/projects/my-shop-54aa3:testIamPermissions  
 {"permissions":["firebase.projects.get","firebasehosting.sites.update"]}
[debug] [2020-04-04T13:24:35.072Z] <<< HTTP RESPONSE 200 {"content-type":"application/json; charset=UTF-8","vary":"X-Origin, Referer, Origin,Accept-Encoding","date":"Sat, 04 Apr 2020 13:24:35 GMT","server":"ESF","cache-control":"private","x-xss-protection":"0","x-frame-options":"SAMEORIGIN","x-content-type-options":"nosniff","server-timing":"gfet4t7; dur=1400","alt-svc":"quic=\":443\"; ma=2592000; v=\"46,43\",h3-Q050=\":443\"; ma=2592000,h3-Q049=\":443\"; ma=2592000,h3-Q048=\":443\"; ma=2592000,h3-Q046=\":443\"; ma=2592000,h3-Q043=\":443\"; ma=2592000,h3-T050=\":443\"; ma=2592000","accept-ranges":"none","transfer-encoding":"chunked"}
[debug] [2020-04-04T13:24:35.079Z] >>> HTTP REQUEST GET https://firebase.googleapis.com/v1beta1/projects/my-shop-54aa3  
 
[debug] [2020-04-04T13:24:35.727Z] <<< HTTP RESPONSE 200 {"content-type":"application/json; charset=UTF-8","vary":"X-Origin, Referer, Origin,Accept-Encoding","date":"Sat, 04 Apr 2020 13:24:35 GMT","server":"ESF","cache-control":"private","x-xss-protection":"0","x-frame-options":"SAMEORIGIN","x-content-type-options":"nosniff","alt-svc":"quic=\":443\"; ma=2592000; v=\"46,43\",h3-Q050=\":443\"; ma=2592000,h3-Q049=\":443\"; ma=2592000,h3-Q048=\":443\"; ma=2592000,h3-Q046=\":443\"; ma=2592000,h3-Q043=\":443\"; ma=2592000,h3-T050=\":443\"; ma=2592000","accept-ranges":"none","transfer-encoding":"chunked"}
[info] 
[info] === Deploying to 'my-shop-54aa3'...
[info] 
[info] i  deploying hosting
[debug] [2020-04-04T13:24:35.739Z] >>> HTTP REQUEST POST https://firebasehosting.googleapis.com/v1beta1/sites/my-shop-54aa3/versions  
 {"config":{"rewrites":[{"glob":"**","path":"/index.html"}]},"labels":{"deployment-tool":"cli-firebase"}}
[debug] [2020-04-04T13:24:38.097Z] <<< HTTP RESPONSE 200 {"content-type":"application/json; charset=UTF-8","vary":"X-Origin, Referer, Origin,Accept-Encoding","date":"Sat, 04 Apr 2020 13:24:38 GMT","server":"ESF","cache-control":"private","x-xss-protection":"0","x-frame-options":"SAMEORIGIN","x-content-type-options":"nosniff","alt-svc":"quic=\":443\"; ma=2592000; v=\"46,43\",h3-Q050=\":443\"; ma=2592000,h3-Q049=\":443\"; ma=2592000,h3-Q048=\":443\"; ma=2592000,h3-Q046=\":443\"; ma=2592000,h3-Q043=\":443\"; ma=2592000,h3-T050=\":443\"; ma=2592000","accept-ranges":"none","transfer-encoding":"chunked"}
[info] i  hosting[my-shop-54aa3]: beginning deploy...
[info] i  hosting[my-shop-54aa3]: found 1 files in public
[debug] [2020-04-04T13:24:38.114Z] [hosting] hash cache [cHVibGlj] stored for 1 files
[debug] [2020-04-04T13:24:38.116Z] [hosting][hash queue][FINAL] {"max":1,"min":1,"avg":1,"active":0,"complete":1,"success":1,"errored":0,"retried":0,"total":1,"elapsed":5}
[debug] [2020-04-04T13:24:38.117Z] >>> HTTP REQUEST POST https://firebasehosting.googleapis.com/v1beta1/sites/my-shop-54aa3/versions/ccfff8e56073a54a:populateFiles  
 <request body omitted>
[debug] [2020-04-04T13:24:39.910Z] <<< HTTP RESPONSE 200 {"content-type":"application/json; charset=UTF-8","vary":"X-Origin, Referer, Origin,Accept-Encoding","date":"Sat, 04 Apr 2020 13:24:39 GMT","server":"ESF","cache-control":"private","x-xss-protection":"0","x-frame-options":"SAMEORIGIN","x-content-type-options":"nosniff","alt-svc":"quic=\":443\"; ma=2592000; v=\"46,43\",h3-Q050=\":443\"; ma=2592000,h3-Q049=\":443\"; ma=2592000,h3-Q048=\":443\"; ma=2592000,h3-Q046=\":443\"; ma=2592000,h3-Q043=\":443\"; ma=2592000,h3-T050=\":443\"; ma=2592000","accept-ranges":"none","transfer-encoding":"chunked"}
[debug] [2020-04-04T13:24:39.914Z] [hosting][populate queue][FINAL] {"max":1801,"min":1801,"avg":1801,"active":0,"complete":1,"success":1,"errored":0,"retried":0,"total":1,"elapsed":1801}
[debug] [2020-04-04T13:24:39.915Z] [hosting] uploads queued: 0
[debug] [2020-04-04T13:24:39.916Z] [hosting][upload queue][FINAL] {"max":0,"min":9999999999,"avg":0,"active":0,"complete":0,"success":0,"errored":0,"retried":0,"total":0,"elapsed":1586006679916}
[info] +  hosting[my-shop-54aa3]: file upload complete
[debug] [2020-04-04T13:24:39.919Z] [hosting] deploy completed after 1817ms
[debug] [2020-04-04T13:24:39.920Z] [
  {
    "config": {
      "public": "public",
      "ignore": [
        "firebase.json",
        "**/.*",
        "**/node_modules/**"
      ],
      "rewrites": [
        {
          "source": "**",
          "destination": "/index.html"
        }
      ],
      "site": "my-shop-54aa3"
    },
    "site": "my-shop-54aa3",
    "version": "sites/my-shop-54aa3/versions/ccfff8e56073a54a"
  }
]
[info] i  hosting[my-shop-54aa3]: finalizing version...
[debug] [2020-04-04T13:24:39.934Z] >>> HTTP REQUEST PATCH https://firebasehosting.googleapis.com/v1beta1/sites/my-shop-54aa3/versions/ccfff8e56073a54a?updateMask=status  
 {"status":"FINALIZED"}
[debug] [2020-04-04T13:24:40.801Z] <<< HTTP RESPONSE 200 {"content-type":"application/json; charset=UTF-8","vary":"X-Origin, Referer, Origin,Accept-Encoding","date":"Sat, 04 Apr 2020 13:24:40 GMT","server":"ESF","cache-control":"private","x-xss-protection":"0","x-frame-options":"SAMEORIGIN","x-content-type-options":"nosniff","alt-svc":"quic=\":443\"; ma=2592000; v=\"46,43\",h3-Q050=\":443\"; ma=2592000,h3-Q049=\":443\"; ma=2592000,h3-Q048=\":443\"; ma=2592000,h3-Q046=\":443\"; ma=2592000,h3-Q043=\":443\"; ma=2592000,h3-T050=\":443\"; ma=2592000","accept-ranges":"none","transfer-encoding":"chunked"}
[debug] [2020-04-04T13:24:40.804Z] [hosting] finalized version for my-shop-54aa3: {"name":"sites/my-shop-54aa3/versions/ccfff8e56073a54a","status":"FINALIZED","config":{"rewrites":[{"glob":"**","path":"/index.html"}]},"labels":{"deployment-tool":"cli-firebase"},"createTime":"2020-04-04T13:24:37.574319Z","createUser":{"email":"properpakistani@gmail.com"},"finalizeTime":"2020-04-04T13:24:40.690372Z","finalizeUser":{"email":"properpakistani@gmail.com"}}
[info] +  hosting[my-shop-54aa3]: version finalized
[info] i  hosting[my-shop-54aa3]: releasing new version...
[debug] [2020-04-04T13:24:40.807Z] >>> HTTP REQUEST POST https://firebasehosting.googleapis.com/v1beta1/sites/my-shop-54aa3/releases?version_name=sites/my-shop-54aa3/versions/ccfff8e56073a54a  
 {"message":null}
[debug] [2020-04-04T13:24:42.609Z] <<< HTTP RESPONSE 200 {"content-type":"application/json; charset=UTF-8","vary":"X-Origin, Referer, Origin,Accept-Encoding","date":"Sat, 04 Apr 2020 13:24:42 GMT","server":"ESF","cache-control":"private","x-xss-protection":"0","x-frame-options":"SAMEORIGIN","x-content-type-options":"nosniff","alt-svc":"quic=\":443\"; ma=2592000; v=\"46,43\",h3-Q050=\":443\"; ma=2592000,h3-Q049=\":443\"; ma=2592000,h3-Q048=\":443\"; ma=2592000,h3-Q046=\":443\"; ma=2592000,h3-Q043=\":443\"; ma=2592000,h3-T050=\":443\"; ma=2592000","accept-ranges":"none","transfer-encoding":"chunked"}
[debug] [2020-04-04T13:28:34.527Z] ----------------------------------------------------------------------
[debug] [2020-04-04T13:28:34.530Z] Command:       C:\Program Files\nodejs\node.exe C:\Users\dell\AppData\Roaming\npm\node_modules\firebase-tools\lib\bin\firebase.js deploy
[debug] [2020-04-04T13:28:34.531Z] CLI Version:   8.0.1
[debug] [2020-04-04T13:28:34.531Z] Platform:      win32
[debug] [2020-04-04T13:28:34.531Z] Node Version:  v10.15.3
[debug] [2020-04-04T13:28:34.547Z] Time:          Sat Apr 04 2020 18:28:34 GMT+0500 (Pakistan Standard Time)
[debug] [2020-04-04T13:28:34.547Z] ----------------------------------------------------------------------
[debug] [2020-04-04T13:28:34.547Z] 
[debug] [2020-04-04T13:28:34.563Z] > command requires scopes: ["email","openid","https://www.googleapis.com/auth/cloudplatformprojects.readonly","https://www.googleapis.com/auth/firebase","https://www.googleapis.com/auth/cloud-platform"]
[debug] [2020-04-04T13:28:34.566Z] > authorizing via signed-in user
[debug] [2020-04-04T13:28:34.567Z] [iam] checking project my-shop-54aa3 for permissions ["firebase.projects.get","firebasehosting.sites.update"]
[debug] [2020-04-04T13:28:34.576Z] >>> HTTP REQUEST POST https://cloudresourcemanager.googleapis.com/v1/projects/my-shop-54aa3:testIamPermissions  
 {"permissions":["firebase.projects.get","firebasehosting.sites.update"]}
[debug] [2020-04-04T13:28:36.653Z] <<< HTTP RESPONSE 200 {"content-type":"application/json; charset=UTF-8","vary":"X-Origin, Referer, Origin,Accept-Encoding","date":"Sat, 04 Apr 2020 13:28:36 GMT","server":"ESF","cache-control":"private","x-xss-protection":"0","x-frame-options":"SAMEORIGIN","x-content-type-options":"nosniff","server-timing":"gfet4t7; dur=1466","alt-svc":"quic=\":443\"; ma=2592000; v=\"46,43\",h3-Q050=\":443\"; ma=2592000,h3-Q049=\":443\"; ma=2592000,h3-Q048=\":443\"; ma=2592000,h3-Q046=\":443\"; ma=2592000,h3-Q043=\":443\"; ma=2592000,h3-T050=\":443\"; ma=2592000","accept-ranges":"none","transfer-encoding":"chunked"}
[debug] [2020-04-04T13:28:36.659Z] >>> HTTP REQUEST GET https://firebase.googleapis.com/v1beta1/projects/my-shop-54aa3  
 
[debug] [2020-04-04T13:28:37.291Z] <<< HTTP RESPONSE 200 {"content-type":"application/json; charset=UTF-8","vary":"X-Origin, Referer, Origin,Accept-Encoding","date":"Sat, 04 Apr 2020 13:28:37 GMT","server":"ESF","cache-control":"private","x-xss-protection":"0","x-frame-options":"SAMEORIGIN","x-content-type-options":"nosniff","alt-svc":"quic=\":443\"; ma=2592000; v=\"46,43\",h3-Q050=\":443\"; ma=2592000,h3-Q049=\":443\"; ma=2592000,h3-Q048=\":443\"; ma=2592000,h3-Q046=\":443\"; ma=2592000,h3-Q043=\":443\"; ma=2592000,h3-T050=\":443\"; ma=2592000","accept-ranges":"none","transfer-encoding":"chunked"}
[info] 
[info] === Deploying to 'my-shop-54aa3'...
[info] 
[info] i  deploying hosting
[debug] [2020-04-04T13:28:37.312Z] >>> HTTP REQUEST POST https://firebasehosting.googleapis.com/v1beta1/sites/my-shop-54aa3/versions  
 {"config":{"rewrites":[{"glob":"**","path":"/index.html"}]},"labels":{"deployment-tool":"cli-firebase"}}
[debug] [2020-04-04T13:28:39.914Z] <<< HTTP RESPONSE 200 {"content-type":"application/json; charset=UTF-8","vary":"X-Origin, Referer, Origin,Accept-Encoding","date":"Sat, 04 Apr 2020 13:28:39 GMT","server":"ESF","cache-control":"private","x-xss-protection":"0","x-frame-options":"SAMEORIGIN","x-content-type-options":"nosniff","alt-svc":"quic=\":443\"; ma=2592000; v=\"46,43\",h3-Q050=\":443\"; ma=2592000,h3-Q049=\":443\"; ma=2592000,h3-Q048=\":443\"; ma=2592000,h3-Q046=\":443\"; ma=2592000,h3-Q043=\":443\"; ma=2592000,h3-T050=\":443\"; ma=2592000","accept-ranges":"none","transfer-encoding":"chunked"}
[info] i  hosting[my-shop-54aa3]: beginning deploy...
[info] i  hosting[my-shop-54aa3]: found 1 files in public
[debug] [2020-04-04T13:28:39.933Z] [hosting] hash cache [cHVibGlj] stored for 1 files
[debug] [2020-04-04T13:28:39.934Z] [hosting][hash queue][FINAL] {"max":1,"min":1,"avg":1,"active":0,"complete":1,"success":1,"errored":0,"retried":0,"total":1,"elapsed":5}
[debug] [2020-04-04T13:28:39.937Z] >>> HTTP REQUEST POST https://firebasehosting.googleapis.com/v1beta1/sites/my-shop-54aa3/versions/df76f3afec0d324c:populateFiles  
 <request body omitted>
[debug] [2020-04-04T13:29:01.364Z] [populateQueue] Retrying task index 0
[debug] [2020-04-04T13:29:01.365Z] >>> HTTP REQUEST POST https://firebasehosting.googleapis.com/v1beta1/sites/my-shop-54aa3/versions/df76f3afec0d324c:populateFiles  
 <request body omitted>
[debug] [2020-04-04T13:29:03.456Z] <<< HTTP RESPONSE 200 {"content-type":"application/json; charset=UTF-8","vary":"X-Origin, Referer, Origin,Accept-Encoding","date":"Sat, 04 Apr 2020 13:29:03 GMT","server":"ESF","cache-control":"private","x-xss-protection":"0","x-frame-options":"SAMEORIGIN","x-content-type-options":"nosniff","alt-svc":"quic=\":443\"; ma=2592000; v=\"46,43\",h3-Q050=\":443\"; ma=2592000,h3-Q049=\":443\"; ma=2592000,h3-Q048=\":443\"; ma=2592000,h3-Q046=\":443\"; ma=2592000,h3-Q043=\":443\"; ma=2592000,h3-T050=\":443\"; ma=2592000","accept-ranges":"none","transfer-encoding":"chunked"}
[debug] [2020-04-04T13:29:03.461Z] [hosting][populate queue][FINAL] {"max":2095,"min":2095,"avg":2095,"active":0,"complete":1,"success":1,"errored":0,"retried":1,"total":1,"elapsed":23530}
[debug] [2020-04-04T13:29:03.462Z] [hosting] uploads queued: 0
[debug] [2020-04-04T13:29:03.464Z] [hosting][upload queue][FINAL] {"max":0,"min":9999999999,"avg":0,"active":0,"complete":0,"success":0,"errored":0,"retried":0,"total":0,"elapsed":1586006943464}
[info] +  hosting[my-shop-54aa3]: file upload complete
[debug] [2020-04-04T13:29:03.466Z] [hosting] deploy completed after 23547ms
[debug] [2020-04-04T13:29:03.468Z] [
  {
    "config": {
      "public": "public",
      "ignore": [
        "firebase.json",
        "**/.*",
        "**/node_modules/**"
      ],
      "rewrites": [
        {
          "source": "**",
          "destination": "/index.html"
        }
      ],
      "site": "my-shop-54aa3"
    },
    "site": "my-shop-54aa3",
    "version": "sites/my-shop-54aa3/versions/df76f3afec0d324c"
  }
]
[info] i  hosting[my-shop-54aa3]: finalizing version...
[debug] [2020-04-04T13:29:03.484Z] >>> HTTP REQUEST PATCH https://firebasehosting.googleapis.com/v1beta1/sites/my-shop-54aa3/versions/df76f3afec0d324c?updateMask=status  
 {"status":"FINALIZED"}
[debug] [2020-04-04T13:29:05.235Z] <<< HTTP RESPONSE 200 {"content-type":"application/json; charset=UTF-8","vary":"X-Origin, Referer, Origin,Accept-Encoding","date":"Sat, 04 Apr 2020 13:29:05 GMT","server":"ESF","cache-control":"private","x-xss-protection":"0","x-frame-options":"SAMEORIGIN","x-content-type-options":"nosniff","alt-svc":"quic=\":443\"; ma=2592000; v=\"46,43\",h3-Q050=\":443\"; ma=2592000,h3-Q049=\":443\"; ma=2592000,h3-Q048=\":443\"; ma=2592000,h3-Q046=\":443\"; ma=2592000,h3-Q043=\":443\"; ma=2592000,h3-T050=\":443\"; ma=2592000","accept-ranges":"none","transfer-encoding":"chunked"}
[debug] [2020-04-04T13:29:05.239Z] [hosting] finalized version for my-shop-54aa3: {"name":"sites/my-shop-54aa3/versions/df76f3afec0d324c","status":"FINALIZED","config":{"rewrites":[{"glob":"**","path":"/index.html"}]},"labels":{"deployment-tool":"cli-firebase"},"createTime":"2020-04-04T13:28:39.373167Z","createUser":{"email":"properpakistani@gmail.com"},"finalizeTime":"2020-04-04T13:29:05.186105Z","finalizeUser":{"email":"properpakistani@gmail.com"}}
[info] +  hosting[my-shop-54aa3]: version finalized
[info] i  hosting[my-shop-54aa3]: releasing new version...
[debug] [2020-04-04T13:29:05.243Z] >>> HTTP REQUEST POST https://firebasehosting.googleapis.com/v1beta1/sites/my-shop-54aa3/releases?version_name=sites/my-shop-54aa3/versions/df76f3afec0d324c  
 {"message":null}
[debug] [2020-04-04T13:29:07.013Z] <<< HTTP RESPONSE 200 {"content-type":"application/json; charset=UTF-8","vary":"X-Origin, Referer, Origin,Accept-Encoding","date":"Sat, 04 Apr 2020 13:29:06 GMT","server":"ESF","cache-control":"private","x-xss-protection":"0","x-frame-options":"SAMEORIGIN","x-content-type-options":"nosniff","alt-svc":"quic=\":443\"; ma=2592000; v=\"46,43\",h3-Q050=\":443\"; ma=2592000,h3-Q049=\":443\"; ma=2592000,h3-Q048=\":443\"; ma=2592000,h3-Q046=\":443\"; ma=2592000,h3-Q043=\":443\"; ma=2592000,h3-T050=\":443\"; ma=2592000","accept-ranges":"none","transfer-encoding":"chunked"}
[debug] [2020-04-04T13:53:09.945Z] ----------------------------------------------------------------------
[debug] [2020-04-04T13:53:09.948Z] Command:       C:\Program Files\nodejs\node.exe C:\Users\dell\AppData\Roaming\npm\node_modules\firebase-tools\lib\bin\firebase.js init
[debug] [2020-04-04T13:53:09.949Z] CLI Version:   8.0.1
[debug] [2020-04-04T13:53:09.949Z] Platform:      win32
[debug] [2020-04-04T13:53:09.949Z] Node Version:  v10.15.3
[debug] [2020-04-04T13:53:09.950Z] Time:          Sat Apr 04 2020 18:53:09 GMT+0500 (Pakistan Standard Time)
[debug] [2020-04-04T13:53:09.950Z] ----------------------------------------------------------------------
[debug] [2020-04-04T13:53:09.950Z] 
[debug] [2020-04-04T13:53:09.960Z] > command requires scopes: ["email","openid","https://www.googleapis.com/auth/cloudplatformprojects.readonly","https://www.googleapis.com/auth/firebase","https://www.googleapis.com/auth/cloud-platform"]
[debug] [2020-04-04T13:53:09.964Z] > authorizing via signed-in user
[info] 
     ######## #### ########  ######## ########     ###     ######  ########
     ##        ##  ##     ## ##       ##     ##  ##   ##  ##       ##
     ######    ##  ########  ######   ########  #########  ######  ######
     ##        ##  ##    ##  ##       ##     ## ##     ##       ## ##
     ##       #### ##     ## ######## ########  ##     ##  ######  ########

You're about to initialize a Firebase project in this directory:

  e:\AhamRepo\my-shoppie

Before we get started, keep in mind:

  * You are initializing in an existing Firebase project directory

[info] 
=== Project Setup
[info] 
[info] First, let's associate this project directory with a Firebase project.
[info] You can create multiple project aliases by running firebase use --add, 
[info] but for now we'll just set up a default project.
[info] 
[info] i  .firebaserc already has a default project, using my-shop-54aa3.
[debug] [2020-04-04T13:53:29.393Z] > refreshing access token with scopes: ["email","https://www.googleapis.com/auth/cloud-platform","https://www.googleapis.com/auth/cloudplatformprojects.readonly","https://www.googleapis.com/auth/firebase","openid"]
[debug] [2020-04-04T13:53:29.395Z] >>> HTTP REQUEST POST https://www.googleapis.com/oauth2/v3/token  
 <request body omitted>
[debug] [2020-04-04T13:53:50.466Z] Authentication Error: Your credentials are no longer valid. Please run firebase login --reauth

For CI servers and headless environments, generate a new token with firebase login:ci
[debug] [2020-04-04T13:53:50.470Z] FirebaseError: Authentication Error: Your credentials are no longer valid. Please run firebase login --reauth

For CI servers and headless environments, generate a new token with firebase login:ci
    at Object.<anonymous> (C:\Users\dell\AppData\Roaming\npm\node_modules\firebase-tools\lib\auth.js:23:32)
    at Module._compile (internal/modules/cjs/loader.js:701:30)
    at Object.Module._extensions..js (internal/modules/cjs/loader.js:712:10)
    at Module.load (internal/modules/cjs/loader.js:600:32)
    at tryModuleLoad (internal/modules/cjs/loader.js:539:12)
    at Function.Module._load (internal/modules/cjs/loader.js:531:3)
    at Module.require (internal/modules/cjs/loader.js:637:17)
    at require (internal/modules/cjs/helpers.js:22:18)
    at Object.<anonymous> (C:\Users\dell\AppData\Roaming\npm\node_modules\firebase-tools\lib\commands\login.js:8:12)
    at Module._compile (internal/modules/cjs/loader.js:701:30)
    at Object.Module._extensions..js (internal/modules/cjs/loader.js:712:10)
    at Module.load (internal/modules/cjs/loader.js:600:32)
    at tryModuleLoad (internal/modules/cjs/loader.js:539:12)
    at Function.Module._load (internal/modules/cjs/loader.js:531:3)
    at Module.require (internal/modules/cjs/loader.js:637:17)
    at require (internal/modules/cjs/helpers.js:22:18)
[error] 
[error] Error: Failed to get Firebase project my-shop-54aa3. Please make sure the project exists and your account has permission to access it.
[debug] [2020-04-04T13:54:02.548Z] ----------------------------------------------------------------------
[debug] [2020-04-04T13:54:02.551Z] Command:       C:\Program Files\nodejs\node.exe C:\Users\dell\AppData\Roaming\npm\node_modules\firebase-tools\lib\bin\firebase.js init
[debug] [2020-04-04T13:54:02.551Z] CLI Version:   8.0.1
[debug] [2020-04-04T13:54:02.552Z] Platform:      win32
[debug] [2020-04-04T13:54:02.552Z] Node Version:  v10.15.3
[debug] [2020-04-04T13:54:02.553Z] Time:          Sat Apr 04 2020 18:54:02 GMT+0500 (Pakistan Standard Time)
[debug] [2020-04-04T13:54:02.553Z] ----------------------------------------------------------------------
[debug] [2020-04-04T13:54:02.553Z] 
[debug] [2020-04-04T13:54:02.563Z] > command requires scopes: ["email","openid","https://www.googleapis.com/auth/cloudplatformprojects.readonly","https://www.googleapis.com/auth/firebase","https://www.googleapis.com/auth/cloud-platform"]
[debug] [2020-04-04T13:54:02.566Z] > authorizing via signed-in user
[info] 
     ######## #### ########  ######## ########     ###     ######  ########
     ##        ##  ##     ## ##       ##     ##  ##   ##  ##       ##
     ######    ##  ########  ######   ########  #########  ######  ######
     ##        ##  ##    ##  ##       ##     ## ##     ##       ## ##
     ##       #### ##     ## ######## ########  ##     ##  ######  ########

You're about to initialize a Firebase project in this directory:

  e:\AhamRepo\my-shoppie

Before we get started, keep in mind:

  * You are initializing in an existing Firebase project directory

[info] 
=== Project Setup
[info] 
[info] First, let's associate this project directory with a Firebase project.
[info] You can create multiple project aliases by running firebase use --add, 
[info] but for now we'll just set up a default project.
[info] 
[info] i  .firebaserc already has a default project, using my-shop-54aa3.
[debug] [2020-04-04T13:54:07.880Z] > refreshing access token with scopes: ["email","https://www.googleapis.com/auth/cloud-platform","https://www.googleapis.com/auth/cloudplatformprojects.readonly","https://www.googleapis.com/auth/firebase","openid"]
[debug] [2020-04-04T13:54:07.882Z] >>> HTTP REQUEST POST https://www.googleapis.com/oauth2/v3/token  
 <request body omitted>
[debug] [2020-04-04T13:54:09.026Z] <<< HTTP RESPONSE 200 {"content-type":"application/json; charset=utf-8","vary":"X-Origin, Referer, Origin,Accept-Encoding","date":"Sat, 04 Apr 2020 13:54:08 GMT","server":"scaffolding on HTTPServer2","cache-control":"private","x-xss-protection":"0","x-frame-options":"SAMEORIGIN","x-content-type-options":"nosniff","alt-svc":"quic=\":443\"; ma=2592000; v=\"46,43\",h3-Q050=\":443\"; ma=2592000,h3-Q049=\":443\"; ma=2592000,h3-Q048=\":443\"; ma=2592000,h3-Q046=\":443\"; ma=2592000,h3-Q043=\":443\"; ma=2592000,h3-T050=\":443\"; ma=2592000","accept-ranges":"none","transfer-encoding":"chunked"}
[debug] [2020-04-04T13:54:09.036Z] >>> HTTP REQUEST GET https://firebase.googleapis.com/v1beta1/projects/my-shop-54aa3  
 
[debug] [2020-04-04T13:54:30.272Z] Server Error. connect ETIMEDOUT 172.217.19.10:443
[debug] [2020-04-04T13:54:30.276Z] FirebaseError: Server Error. connect ETIMEDOUT 172.217.19.10:443
    at Request._callback (C:\Users\dell\AppData\Roaming\npm\node_modules\firebase-tools\lib\api.js:31:31)
    at self.callback (C:\Users\dell\AppData\Roaming\npm\node_modules\firebase-tools\node_modules\request\request.js:185:22)
    at Request.emit (events.js:189:13)
    at Request.EventEmitter.emit (domain.js:441:20)
    at Request.onRequestError (C:\Users\dell\AppData\Roaming\npm\node_modules\firebase-tools\node_modules\request\request.js:877:8)
    at ClientRequest.emit (events.js:194:15)
    at ClientRequest.EventEmitter.emit (domain.js:441:20)
    at TLSSocket.socketErrorListener (_http_client.js:392:9)
    at TLSSocket.emit (events.js:189:13)
    at TLSSocket.EventEmitter.emit (domain.js:441:20)
    at emitErrorNT (internal/streams/destroy.js:82:8)
    at emitErrorAndCloseNT (internal/streams/destroy.js:50:3)
    at process._tickCallback (internal/process/next_tick.js:63:19)
[error] 
[error] Error: Failed to get Firebase project my-shop-54aa3. Please make sure the project exists and your account has permission to access it.
[debug] [2020-04-04T13:54:39.789Z] ----------------------------------------------------------------------
[debug] [2020-04-04T13:54:39.792Z] Command:       C:\Program Files\nodejs\node.exe C:\Users\dell\AppData\Roaming\npm\node_modules\firebase-tools\lib\bin\firebase.js use --add
[debug] [2020-04-04T13:54:39.794Z] CLI Version:   8.0.1
[debug] [2020-04-04T13:54:39.794Z] Platform:      win32
[debug] [2020-04-04T13:54:39.794Z] Node Version:  v10.15.3
[debug] [2020-04-04T13:54:39.795Z] Time:          Sat Apr 04 2020 18:54:39 GMT+0500 (Pakistan Standard Time)
[debug] [2020-04-04T13:54:39.795Z] ----------------------------------------------------------------------
[debug] [2020-04-04T13:54:39.796Z] 
[debug] [2020-04-04T13:54:39.805Z] > command requires scopes: ["email","openid","https://www.googleapis.com/auth/cloudplatformprojects.readonly","https://www.googleapis.com/auth/firebase","https://www.googleapis.com/auth/cloud-platform"]
[debug] [2020-04-04T13:54:39.809Z] > authorizing via signed-in user
[debug] [2020-04-04T13:54:39.817Z] >>> HTTP REQUEST GET https://firebase.googleapis.com/v1beta1/projects?pageSize=1000  
 
[debug] [2020-04-04T13:54:40.903Z] <<< HTTP RESPONSE 200 {"content-type":"application/json; charset=UTF-8","vary":"X-Origin, Referer, Origin,Accept-Encoding","date":"Sat, 04 Apr 2020 13:54:39 GMT","server":"ESF","cache-control":"private","x-xss-protection":"0","x-frame-options":"SAMEORIGIN","x-content-type-options":"nosniff","alt-svc":"quic=\":443\"; ma=2592000; v=\"46,43\",h3-Q050=\":443\"; ma=2592000,h3-Q049=\":443\"; ma=2592000,h3-Q048=\":443\"; ma=2592000,h3-Q046=\":443\"; ma=2592000,h3-Q043=\":443\"; ma=2592000,h3-T050=\":443\"; ma=2592000","accept-ranges":"none","transfer-encoding":"chunked"}
[info] 
[debug] [2020-04-04T13:55:58.112Z] ----------------------------------------------------------------------
[debug] [2020-04-04T13:55:58.116Z] Command:       C:\Program Files\nodejs\node.exe C:\Users\dell\AppData\Roaming\npm\node_modules\firebase-tools\lib\bin\firebase.js deploy
[debug] [2020-04-04T13:55:58.116Z] CLI Version:   8.0.1
[debug] [2020-04-04T13:55:58.117Z] Platform:      win32
[debug] [2020-04-04T13:55:58.117Z] Node Version:  v10.15.3
[debug] [2020-04-04T13:55:58.118Z] Time:          Sat Apr 04 2020 18:55:58 GMT+0500 (Pakistan Standard Time)
[debug] [2020-04-04T13:55:58.118Z] ----------------------------------------------------------------------
[debug] [2020-04-04T13:55:58.118Z] 
[debug] [2020-04-04T13:55:58.131Z] > command requires scopes: ["email","openid","https://www.googleapis.com/auth/cloudplatformprojects.readonly","https://www.googleapis.com/auth/firebase","https://www.googleapis.com/auth/cloud-platform"]
[debug] [2020-04-04T13:55:58.134Z] > authorizing via signed-in user
[debug] [2020-04-04T13:55:58.135Z] [iam] checking project my-shop-54aa3 for permissions ["firebase.projects.get","firebasehosting.sites.update"]
[debug] [2020-04-04T13:55:58.140Z] >>> HTTP REQUEST POST https://cloudresourcemanager.googleapis.com/v1/projects/my-shop-54aa3:testIamPermissions  
 {"permissions":["firebase.projects.get","firebasehosting.sites.update"]}
[debug] [2020-04-04T13:56:10.477Z] [iam] error while checking permissions, command may fail: FirebaseError: Server Error. getaddrinfo ENOTFOUND cloudresourcemanager.googleapis.com cloudresourcemanager.googleapis.com:443
[debug] [2020-04-04T13:56:10.480Z] >>> HTTP REQUEST GET https://firebase.googleapis.com/v1beta1/projects/my-shop-54aa3  
 
[debug] [2020-04-04T13:56:31.492Z] Server Error. connect ETIMEDOUT 172.217.19.10:443
[debug] [2020-04-04T13:56:31.495Z] FirebaseError: Server Error. connect ETIMEDOUT 172.217.19.10:443
    at Request._callback (C:\Users\dell\AppData\Roaming\npm\node_modules\firebase-tools\lib\api.js:31:31)
    at self.callback (C:\Users\dell\AppData\Roaming\npm\node_modules\firebase-tools\node_modules\request\request.js:185:22)
    at Request.emit (events.js:189:13)
    at Request.EventEmitter.emit (domain.js:441:20)
    at Request.onRequestError (C:\Users\dell\AppData\Roaming\npm\node_modules\firebase-tools\node_modules\request\request.js:877:8)
    at ClientRequest.emit (events.js:194:15)
    at ClientRequest.EventEmitter.emit (domain.js:441:20)
    at TLSSocket.socketErrorListener (_http_client.js:392:9)
    at TLSSocket.emit (events.js:189:13)
    at TLSSocket.EventEmitter.emit (domain.js:441:20)
    at emitErrorNT (internal/streams/destroy.js:82:8)
    at emitErrorAndCloseNT (internal/streams/destroy.js:50:3)
    at process._tickCallback (internal/process/next_tick.js:63:19)
[error] 
[error] Error: Failed to get Firebase project my-shop-54aa3. Please make sure the project exists and your account has permission to access it.
[debug] [2020-04-04T13:57:19.373Z] ----------------------------------------------------------------------
[debug] [2020-04-04T13:57:19.376Z] Command:       C:\Program Files\nodejs\node.exe C:\Users\dell\AppData\Roaming\npm\node_modules\firebase-tools\lib\bin\firebase.js deploy
[debug] [2020-04-04T13:57:19.376Z] CLI Version:   8.0.1
[debug] [2020-04-04T13:57:19.376Z] Platform:      win32
[debug] [2020-04-04T13:57:19.376Z] Node Version:  v10.15.3
[debug] [2020-04-04T13:57:19.378Z] Time:          Sat Apr 04 2020 18:57:19 GMT+0500 (Pakistan Standard Time)
[debug] [2020-04-04T13:57:19.378Z] ----------------------------------------------------------------------
[debug] [2020-04-04T13:57:19.378Z] 
[debug] [2020-04-04T13:57:19.390Z] > command requires scopes: ["email","openid","https://www.googleapis.com/auth/cloudplatformprojects.readonly","https://www.googleapis.com/auth/firebase","https://www.googleapis.com/auth/cloud-platform"]
[debug] [2020-04-04T13:57:19.393Z] > authorizing via signed-in user
[debug] [2020-04-04T13:57:19.395Z] [iam] checking project my-shop-54aa3 for permissions ["firebase.projects.get","firebasehosting.sites.update"]
[debug] [2020-04-04T13:57:19.400Z] >>> HTTP REQUEST POST https://cloudresourcemanager.googleapis.com/v1/projects/my-shop-54aa3:testIamPermissions  
 {"permissions":["firebase.projects.get","firebasehosting.sites.update"]}
[debug] [2020-04-04T13:57:21.407Z] <<< HTTP RESPONSE 200 {"content-type":"application/json; charset=UTF-8","vary":"X-Origin, Referer, Origin,Accept-Encoding","date":"Sat, 04 Apr 2020 13:57:20 GMT","server":"ESF","cache-control":"private","x-xss-protection":"0","x-frame-options":"SAMEORIGIN","x-content-type-options":"nosniff","server-timing":"gfet4t7; dur=1413","alt-svc":"quic=\":443\"; ma=2592000; v=\"46,43\",h3-Q050=\":443\"; ma=2592000,h3-Q049=\":443\"; ma=2592000,h3-Q048=\":443\"; ma=2592000,h3-Q046=\":443\"; ma=2592000,h3-Q043=\":443\"; ma=2592000,h3-T050=\":443\"; ma=2592000","accept-ranges":"none","transfer-encoding":"chunked"}
[debug] [2020-04-04T13:57:21.414Z] >>> HTTP REQUEST GET https://firebase.googleapis.com/v1beta1/projects/my-shop-54aa3  
 
[debug] [2020-04-04T13:57:22.314Z] <<< HTTP RESPONSE 200 {"content-type":"application/json; charset=UTF-8","vary":"X-Origin, Referer, Origin,Accept-Encoding","date":"Sat, 04 Apr 2020 13:57:21 GMT","server":"ESF","cache-control":"private","x-xss-protection":"0","x-frame-options":"SAMEORIGIN","x-content-type-options":"nosniff","alt-svc":"quic=\":443\"; ma=2592000; v=\"46,43\",h3-Q050=\":443\"; ma=2592000,h3-Q049=\":443\"; ma=2592000,h3-Q048=\":443\"; ma=2592000,h3-Q046=\":443\"; ma=2592000,h3-Q043=\":443\"; ma=2592000,h3-T050=\":443\"; ma=2592000","accept-ranges":"none","transfer-encoding":"chunked"}
[info] 
[info] === Deploying to 'my-shop-54aa3'...
[info] 
[info] i  deploying hosting
[debug] [2020-04-04T13:57:22.323Z] >>> HTTP REQUEST POST https://firebasehosting.googleapis.com/v1beta1/sites/my-shop-54aa3/versions  
 {"config":{"rewrites":[{"glob":"**","path":"/index.html"}]},"labels":{"deployment-tool":"cli-firebase"}}
[debug] [2020-04-04T13:57:24.965Z] <<< HTTP RESPONSE 200 {"content-type":"application/json; charset=UTF-8","vary":"X-Origin, Referer, Origin,Accept-Encoding","date":"Sat, 04 Apr 2020 13:57:24 GMT","server":"ESF","cache-control":"private","x-xss-protection":"0","x-frame-options":"SAMEORIGIN","x-content-type-options":"nosniff","alt-svc":"quic=\":443\"; ma=2592000; v=\"46,43\",h3-Q050=\":443\"; ma=2592000,h3-Q049=\":443\"; ma=2592000,h3-Q048=\":443\"; ma=2592000,h3-Q046=\":443\"; ma=2592000,h3-Q043=\":443\"; ma=2592000,h3-T050=\":443\"; ma=2592000","accept-ranges":"none","transfer-encoding":"chunked"}
[info] i  hosting[my-shop-54aa3]: beginning deploy...
[info] i  hosting[my-shop-54aa3]: found 1 files in public
[debug] [2020-04-04T13:57:24.983Z] [hosting] hash cache [cHVibGlj] stored for 1 files
[debug] [2020-04-04T13:57:24.984Z] [hosting][hash queue][FINAL] {"max":1,"min":1,"avg":1,"active":0,"complete":1,"success":1,"errored":0,"retried":0,"total":1,"elapsed":4}
[debug] [2020-04-04T13:57:24.986Z] >>> HTTP REQUEST POST https://firebasehosting.googleapis.com/v1beta1/sites/my-shop-54aa3/versions/9410e67a293b2269:populateFiles  
 <request body omitted>
[debug] [2020-04-04T13:57:26.743Z] <<< HTTP RESPONSE 200 {"content-type":"application/json; charset=UTF-8","vary":"X-Origin, Referer, Origin,Accept-Encoding","date":"Sat, 04 Apr 2020 13:57:25 GMT","server":"ESF","cache-control":"private","x-xss-protection":"0","x-frame-options":"SAMEORIGIN","x-content-type-options":"nosniff","alt-svc":"quic=\":443\"; ma=2592000; v=\"46,43\",h3-Q050=\":443\"; ma=2592000,h3-Q049=\":443\"; ma=2592000,h3-Q048=\":443\"; ma=2592000,h3-Q046=\":443\"; ma=2592000,h3-Q043=\":443\"; ma=2592000,h3-T050=\":443\"; ma=2592000","accept-ranges":"none","transfer-encoding":"chunked"}
[debug] [2020-04-04T13:57:26.747Z] [hosting][populate queue][FINAL] {"max":1764,"min":1764,"avg":1764,"active":0,"complete":1,"success":1,"errored":0,"retried":0,"total":1,"elapsed":1765}
[debug] [2020-04-04T13:57:26.747Z] [hosting] uploads queued: 0
[debug] [2020-04-04T13:57:26.748Z] [hosting][upload queue][FINAL] {"max":0,"min":9999999999,"avg":0,"active":0,"complete":0,"success":0,"errored":0,"retried":0,"total":0,"elapsed":1586008646748}
[info] +  hosting[my-shop-54aa3]: file upload complete
[debug] [2020-04-04T13:57:26.750Z] [hosting] deploy completed after 1781ms
[debug] [2020-04-04T13:57:26.751Z] [
  {
    "config": {
      "public": "public",
      "ignore": [
        "firebase.json",
        "**/.*",
        "**/node_modules/**"
      ],
      "rewrites": [
        {
          "source": "**",
          "destination": "/index.html"
        }
      ],
      "site": "my-shop-54aa3"
    },
    "site": "my-shop-54aa3",
    "version": "sites/my-shop-54aa3/versions/9410e67a293b2269"
  }
]
[info] i  hosting[my-shop-54aa3]: finalizing version...
[debug] [2020-04-04T13:57:26.761Z] >>> HTTP REQUEST PATCH https://firebasehosting.googleapis.com/v1beta1/sites/my-shop-54aa3/versions/9410e67a293b2269?updateMask=status  
 {"status":"FINALIZED"}
[debug] [2020-04-04T13:57:28.673Z] <<< HTTP RESPONSE 200 {"content-type":"application/json; charset=UTF-8","vary":"X-Origin, Referer, Origin,Accept-Encoding","date":"Sat, 04 Apr 2020 13:57:27 GMT","server":"ESF","cache-control":"private","x-xss-protection":"0","x-frame-options":"SAMEORIGIN","x-content-type-options":"nosniff","alt-svc":"quic=\":443\"; ma=2592000; v=\"46,43\",h3-Q050=\":443\"; ma=2592000,h3-Q049=\":443\"; ma=2592000,h3-Q048=\":443\"; ma=2592000,h3-Q046=\":443\"; ma=2592000,h3-Q043=\":443\"; ma=2592000,h3-T050=\":443\"; ma=2592000","accept-ranges":"none","transfer-encoding":"chunked"}
[debug] [2020-04-04T13:57:28.676Z] [hosting] finalized version for my-shop-54aa3: {"name":"sites/my-shop-54aa3/versions/9410e67a293b2269","status":"FINALIZED","config":{"rewrites":[{"glob":"**","path":"/index.html"}]},"labels":{"deployment-tool":"cli-firebase"},"createTime":"2020-04-04T13:57:23.473839Z","createUser":{"email":"properpakistani@gmail.com"},"finalizeTime":"2020-04-04T13:57:27.691543Z","finalizeUser":{"email":"properpakistani@gmail.com"}}
[info] +  hosting[my-shop-54aa3]: version finalized
[info] i  hosting[my-shop-54aa3]: releasing new version...
[debug] [2020-04-04T13:57:28.679Z] >>> HTTP REQUEST POST https://firebasehosting.googleapis.com/v1beta1/sites/my-shop-54aa3/releases?version_name=sites/my-shop-54aa3/versions/9410e67a293b2269  
 {"message":null}
[debug] [2020-04-04T13:57:30.406Z] <<< HTTP RESPONSE 200 {"content-type":"application/json; charset=UTF-8","vary":"X-Origin, Referer, Origin,Accept-Encoding","date":"Sat, 04 Apr 2020 13:57:29 GMT","server":"ESF","cache-control":"private","x-xss-protection":"0","x-frame-options":"SAMEORIGIN","x-content-type-options":"nosniff","alt-svc":"quic=\":443\"; ma=2592000; v=\"46,43\",h3-Q050=\":443\"; ma=2592000,h3-Q049=\":443\"; ma=2592000,h3-Q048=\":443\"; ma=2592000,h3-Q046=\":443\"; ma=2592000,h3-Q043=\":443\"; ma=2592000,h3-T050=\":443\"; ma=2592000","accept-ranges":"none","transfer-encoding":"chunked"}
